<?xml version="1.0" encoding="UTF-8"?>
<!-- Generated by org.testng.reporters.JUnitXMLReporter -->
<testsuite hostname="BT-INDIA-COM9" ignored="0" name="Inviul Test" tests="2" failures="1" timestamp="05 Aug 2019 09:14:40 GMT" time="11.048" errors="0">
  <testcase name="testMethod2" time="0.053" classname="Test.MySampleTestPDFFile"/>
  <testcase name="testMethod1" time="0.007" classname="Test.MySampleTestPDFFile">
    <failure type="java.lang.AssertionError" message="Title not matched expected [TestingFailed] but found [Free Selenium Tutorials | TestNG Tutorials | Cucumber Tutorials | Inviul]">
      <![CDATA[java.lang.AssertionError: Title not matched expected [TestingFailed] but found [Free Selenium Tutorials | TestNG Tutorials | Cucumber Tutorials | Inviul]
at Test.MySampleTestPDFFile.testMethod1(MySampleTestPDFFile.java:46)
... Removed 30 stack frames]]>
    </failure>
  </testcase> <!-- testMethod1 -->
</testsuite> <!-- Inviul Test -->
