<?xml version="1.0" encoding="UTF-8"?>
<testng-results skipped="0" failed="1" ignored="0" total="2" passed="1">
  <reporter-output>
  </reporter-output>
  <suite name="Suite" duration-ms="11048" started-at="2019-08-05T09:14:29Z" finished-at="2019-08-05T09:14:40Z">
    <groups>
    </groups>
    <test name="Inviul Test" duration-ms="11048" started-at="2019-08-05T09:14:29Z" finished-at="2019-08-05T09:14:40Z">
      <class name="Test.MySampleTestPDFFile">
        <test-method status="PASS" signature="setUp()[pri:0, instance:Test.MySampleTestPDFFile@6156496]" name="setUp" is-config="true" duration-ms="10172" started-at="2019-08-05T09:14:29Z" finished-at="2019-08-05T09:14:39Z">
          <reporter-output>
          </reporter-output>
        </test-method> <!-- setUp -->
        <test-method status="PASS" signature="testMethod2()[pri:0, instance:Test.MySampleTestPDFFile@6156496]" name="testMethod2" duration-ms="53" started-at="2019-08-05T09:14:39Z" description="My Sample Test Pass Reported in PDF" finished-at="2019-08-05T09:14:39Z">
          <reporter-output>
          </reporter-output>
        </test-method> <!-- testMethod2 -->
        <test-method status="FAIL" signature="testMethod1()[pri:1, instance:Test.MySampleTestPDFFile@6156496]" name="testMethod1" duration-ms="7" started-at="2019-08-05T09:14:40Z" description="My Sample Test Fail Reported in PDF" finished-at="2019-08-05T09:14:40Z">
          <exception class="java.lang.AssertionError">
            <message>
              <![CDATA[Title not matched expected [TestingFailed] but found [Free Selenium Tutorials | TestNG Tutorials | Cucumber Tutorials | Inviul]]]>
            </message>
            <full-stacktrace>
              <![CDATA[java.lang.AssertionError: Title not matched expected [TestingFailed] but found [Free Selenium Tutorials | TestNG Tutorials | Cucumber Tutorials | Inviul]
at org.testng.Assert.fail(Assert.java:96)
at org.testng.Assert.failNotEquals(Assert.java:776)
at org.testng.Assert.assertEqualsImpl(Assert.java:137)
at org.testng.Assert.assertEquals(Assert.java:118)
at org.testng.Assert.assertEquals(Assert.java:453)
at Test.MySampleTestPDFFile.testMethod1(MySampleTestPDFFile.java:46)
at sun.reflect.NativeMethodAccessorImpl.invoke0(Native Method)
at sun.reflect.NativeMethodAccessorImpl.invoke(NativeMethodAccessorImpl.java:62)
at sun.reflect.DelegatingMethodAccessorImpl.invoke(DelegatingMethodAccessorImpl.java:43)
at java.lang.reflect.Method.invoke(Method.java:498)
at org.testng.internal.MethodInvocationHelper.invokeMethod(MethodInvocationHelper.java:124)
at org.testng.internal.Invoker.invokeMethod(Invoker.java:583)
at org.testng.internal.Invoker.invokeTestMethod(Invoker.java:719)
at org.testng.internal.Invoker.invokeTestMethods(Invoker.java:989)
at org.testng.internal.TestMethodWorker.invokeTestMethods(TestMethodWorker.java:125)
at org.testng.internal.TestMethodWorker.run(TestMethodWorker.java:109)
at org.testng.TestRunner.privateRun(TestRunner.java:648)
at org.testng.TestRunner.run(TestRunner.java:505)
at org.testng.SuiteRunner.runTest(SuiteRunner.java:455)
at org.testng.SuiteRunner.runSequentially(SuiteRunner.java:450)
at org.testng.SuiteRunner.privateRun(SuiteRunner.java:415)
at org.testng.SuiteRunner.run(SuiteRunner.java:364)
at org.testng.SuiteRunnerWorker.runSuite(SuiteRunnerWorker.java:52)
at org.testng.SuiteRunnerWorker.run(SuiteRunnerWorker.java:84)
at org.testng.TestNG.runSuitesSequentially(TestNG.java:1208)
at org.testng.TestNG.runSuitesLocally(TestNG.java:1137)
at org.testng.TestNG.runSuites(TestNG.java:1049)
at org.testng.TestNG.run(TestNG.java:1017)
at org.testng.remote.AbstractRemoteTestNG.run(AbstractRemoteTestNG.java:115)
at org.testng.remote.RemoteTestNG.initAndRun(RemoteTestNG.java:251)
at org.testng.remote.RemoteTestNG.main(RemoteTestNG.java:77)
]]>
            </full-stacktrace>
          </exception> <!-- java.lang.AssertionError -->
          <reporter-output>
          </reporter-output>
        </test-method> <!-- testMethod1 -->
        <test-method status="PASS" signature="tearDown()[pri:0, instance:Test.MySampleTestPDFFile@6156496]" name="tearDown" is-config="true" duration-ms="716" started-at="2019-08-05T09:14:40Z" finished-at="2019-08-05T09:14:40Z">
          <reporter-output>
          </reporter-output>
        </test-method> <!-- tearDown -->
      </class> <!-- Test.MySampleTestPDFFile -->
    </test> <!-- Inviul Test -->
  </suite> <!-- Suite -->
</testng-results>
